1
3
5
10
12
17
19
36
38
43
45
62
64
69
71
136
138
143
145
162
164
169
171
236
238
243
245
262
264
269
271
528
530
535
537
554
556
561
563
628
630
635
637
654
656
661
663
920
922
927
929
946
948
953
955
1020
1022
1027
1029
1046
1048
1053
1055
2080
2082
2087
2089
2106
2108
2113
2115
2180
2182
2187
2189
2206
2208
2213
2215
2472
2474
2479
2481
2498
2500
2505
2507
2572
2574
2579
2581
2598
2600
2605
2607
3632
3634
3639
3641
3658
3660
3665
3667
3732
3734
3739
3741
3758
3760
3765
3767
4024
4026
4031
4033
4050
4052
4057
4059
4124
4126
4131
4133
4150
4152
4157
4159
8256
8258
8263
8265
8282
8284
8289
8291
8356
8358
8363
8365
8382
8384
8389
8391
8648
8650
8655
8657
8674
8676
8681
8683
8748
8750
8755
8757
8774
8776
8781
8783
9808
9810
9815
9817
9834
9836
9841
9843
9908
9910
9915
9917
9934
9936
9941
9943
10200
10202
10207
10209
10226
10228
10233
10235
10300
10302
10307
10309
10326
10328
10333
10335
14432
14434
14439
14441
14458
14460
14465
14467
14532
14534
14539
14541
14558
14560
14565
14567
14824
14826
14831
14833
14850
14852
14857
14859
14924
14926
14931
14933
14950
14952
14957
14959
15984
15986
15991
15993
16010
16012
16017
16019
16084
16086
16091
16093
16110
16112
16117
16119
16376
16378
16383
16385
16402
16404
