   0    0    1    1
1
1
   1    1    3    2
10
10
   2    3    5    2
11
10
   3    5   10    5
100
101
   4   10   12    2
101
10
   5   12   17    5
110
101
   6   17   19    2
111
10
   7   19   36   17
1000
10001
   8   36   38    2
1001
10
   9   38   43    5
1010
101
  10   43   45    2
1011
10
  11   45   62   17
1100
10001
  12   62   64    2
1101
10
  13   64   69    5
1110
101
  14   69   71    2
1111
10
  15   71  136   65
10000
1000001
  16  136  138    2
10001
10
  17  138  143    5
10010
101
  18  143  145    2
10011
10
  19  145  162   17
10100
10001
  20  162  164    2
10101
10
  21  164  169    5
10110
101
  22  169  171    2
10111
10
  23  171  236   65
11000
1000001
  24  236  238    2
11001
10
  25  238  243    5
11010
101
  26  243  245    2
11011
10
  27  245  262   17
11100
10001
  28  262  264    2
11101
10
  29  264  269    5
11110
101
  30  269  271    2
11111
10
  31  271  528  257
100000
100000001
  32  528  530    2
100001
10
  33  530  535    5
100010
101
  34  535  537    2
100011
10
  35  537  554   17
100100
10001
  36  554  556    2
100101
10
  37  556  561    5
100110
101
  38  561  563    2
100111
10
  39  563  628   65
101000
1000001
  40  628  630    2
101001
10
  41  630  635    5
101010
101
  42  635  637    2
101011
10
  43  637  654   17
101100
10001
  44  654  656    2
101101
10
  45  656  661    5
101110
101
  46  661  663    2
101111
10
  47  663  920  257
110000
100000001
  48  920  922    2
110001
10
  49  922  927    5
110010
101
  50  927  929    2
110011
10
  51  929  946   17
110100
10001
  52  946  948    2
110101
10
  53  948  953    5
110110
101
  54  953  955    2
110111
10
  55  955 1020   65
111000
1000001
  56 1020 1022    2
111001
10
  57 1022 1027    5
111010
101
  58 1027 1029    2
111011
10
  59 1029 1046   17
111100
10001
  60 1046 1048    2
111101
10
  61 1048 1053    5
111110
101
  62 1053 1055    2
111111
10
  63 1055 2080 1025
1000000
10000000001
  64 2080 2082    2
1000001
10
  65 2082 2087    5
1000010
101
  66 2087 2089    2
1000011
10
  67 2089 2106   17
1000100
10001
  68 2106 2108    2
1000101
10
  69 2108 2113    5
1000110
101
  70 2113 2115    2
1000111
10
  71 2115 2180   65
1001000
1000001
  72 2180 2182    2
1001001
10
  73 2182 2187    5
1001010
101
  74 2187 2189    2
1001011
10
  75 2189 2206   17
1001100
10001
  76 2206 2208    2
1001101
10
  77 2208 2213    5
1001110
101
  78 2213 2215    2
1001111
10
  79 2215 2472  257
1010000
100000001
  80 2472 2474    2
1010001
10
  81 2474 2479    5
1010010
101
  82 2479 2481    2
1010011
10
  83 2481 2498   17
1010100
10001
  84 2498 2500    2
1010101
10
  85 2500 2505    5
1010110
101
  86 2505 2507    2
1010111
10
  87 2507 2572   65
1011000
1000001
  88 2572 2574    2
1011001
10
  89 2574 2579    5
1011010
101
  90 2579 2581    2
1011011
10
  91 2581 2598   17
1011100
10001
  92 2598 2600    2
1011101
10
  93 2600 2605    5
1011110
101
  94 2605 2607    2
1011111
10
  95 2607 3632 1025
1100000
10000000001
  96 3632 3634    2
1100001
10
  97 3634 3639    5
1100010
101
  98 3639 3641    2
1100011
10
  99 3641 3658   17
1100100
10001
 100 3658 3660    2
1100101
10
 101 3660 3665    5
1100110
101
 102 3665 3667    2
1100111
10
 103 3667 3732   65
1101000
1000001
 104 3732 3734    2
1101001
10
 105 3734 3739    5
1101010
101
 106 3739 3741    2
1101011
10
 107 3741 3758   17
1101100
10001
 108 3758 3760    2
1101101
10
 109 3760 3765    5
1101110
101
 110 3765 3767    2
1101111
10
 111 3767 4024  257
1110000
100000001
 112 4024 4026    2
1110001
10
 113 4026 4031    5
1110010
101
 114 4031 4033    2
1110011
10
 115 4033 4050   17
1110100
10001
 116 4050 4052    2
1110101
10
 117 4052 4057    5
1110110
101
 118 4057 4059    2
1110111
10
 119 4059 4124   65
1111000
1000001
 120 4124 4126    2
1111001
10
 121 4126 4131    5
1111010
101
 122 4131 4133    2
1111011
10
 123 4133 4150   17
1111100
10001
 124 4150 4152    2
1111101
10
 125 4152 4157    5
1111110
101
 126 4157 4159    2
1111111
10
 127 4159 8256 4097
10000000
1000000000001
 128 8256 8258    2
10000001
10
 129 8258 8263    5
10000010
101
 130 8263 8265    2
10000011
10
 131 8265 8282   17
10000100
10001
 132 8282 8284    2
10000101
10
 133 8284 8289    5
10000110
101
 134 8289 8291    2
10000111
10
 135 8291 8356   65
10001000
1000001
 136 8356 8358    2
10001001
10
 137 8358 8363    5
10001010
101
 138 8363 8365    2
10001011
10
 139 8365 8382   17
10001100
10001
 140 8382 8384    2
10001101
10
 141 8384 8389    5
10001110
101
 142 8389 8391    2
10001111
10
 143 8391 8648  257
10010000
100000001
 144 8648 8650    2
10010001
10
 145 8650 8655    5
10010010
101
 146 8655 8657    2
10010011
10
 147 8657 8674   17
10010100
10001
 148 8674 8676    2
10010101
10
 149 8676 8681    5
10010110
101
 150 8681 8683    2
10010111
10
 151 8683 8748   65
10011000
1000001
 152 8748 8750    2
10011001
10
 153 8750 8755    5
10011010
101
 154 8755 8757    2
10011011
10
 155 8757 8774   17
10011100
10001
 156 8774 8776    2
10011101
10
 157 8776 8781    5
10011110
101
 158 8781 8783    2
10011111
10
 159 8783 9808 1025
10100000
10000000001
 160 9808 9810    2
10100001
10
 161 9810 9815    5
10100010
101
 162 9815 9817    2
10100011
10
 163 9817 9834   17
10100100
10001
 164 9834 9836    2
10100101
10
 165 9836 9841    5
10100110
101
 166 9841 9843    2
10100111
10
 167 9843 9908   65
10101000
1000001
 168 9908 9910    2
10101001
10
 169 9910 9915    5
10101010
101
 170 9915 9917    2
10101011
10
 171 9917 9934   17
10101100
10001
 172 9934 9936    2
10101101
10
 173 9936 9941    5
10101110
101
 174 9941 9943    2
10101111
10
 175 9943 10200  257
10110000
100000001
 176 10200 10202    2
10110001
10
 177 10202 10207    5
10110010
101
 178 10207 10209    2
10110011
10
 179 10209 10226   17
10110100
10001
 180 10226 10228    2
10110101
10
 181 10228 10233    5
10110110
101
 182 10233 10235    2
10110111
10
 183 10235 10300   65
10111000
1000001
 184 10300 10302    2
10111001
10
 185 10302 10307    5
10111010
101
 186 10307 10309    2
10111011
10
 187 10309 10326   17
10111100
10001
 188 10326 10328    2
10111101
10
 189 10328 10333    5
10111110
101
 190 10333 10335    2
10111111
10
 191 10335 14432 4097
11000000
1000000000001
 192 14432 14434    2
11000001
10
 193 14434 14439    5
11000010
101
 194 14439 14441    2
11000011
10
 195 14441 14458   17
11000100
10001
 196 14458 14460    2
11000101
10
 197 14460 14465    5
11000110
101
 198 14465 14467    2
11000111
10
 199 14467 14532   65
11001000
1000001
 200 14532 14534    2
11001001
10
 201 14534 14539    5
11001010
101
 202 14539 14541    2
11001011
10
 203 14541 14558   17
11001100
10001
 204 14558 14560    2
11001101
10
 205 14560 14565    5
11001110
101
 206 14565 14567    2
11001111
10
 207 14567 14824  257
11010000
100000001
 208 14824 14826    2
11010001
10
 209 14826 14831    5
11010010
101
 210 14831 14833    2
11010011
10
 211 14833 14850   17
11010100
10001
 212 14850 14852    2
11010101
10
 213 14852 14857    5
11010110
101
 214 14857 14859    2
11010111
10
 215 14859 14924   65
11011000
1000001
 216 14924 14926    2
11011001
10
 217 14926 14931    5
11011010
101
 218 14931 14933    2
11011011
10
 219 14933 14950   17
11011100
10001
 220 14950 14952    2
11011101
10
 221 14952 14957    5
11011110
101
 222 14957 14959    2
11011111
10
 223 14959 15984 1025
11100000
10000000001
 224 15984 15986    2
11100001
10
 225 15986 15991    5
11100010
101
 226 15991 15993    2
11100011
10
 227 15993 16010   17
11100100
10001
 228 16010 16012    2
11100101
10
 229 16012 16017    5
11100110
101
 230 16017 16019    2
11100111
10
 231 16019 16084   65
11101000
1000001
 232 16084 16086    2
11101001
10
 233 16086 16091    5
11101010
101
 234 16091 16093    2
11101011
10
 235 16093 16110   17
11101100
10001
 236 16110 16112    2
11101101
10
 237 16112 16117    5
11101110
101
 238 16117 16119    2
11101111
10
 239 16119 16376  257
11110000
100000001
 240 16376 16378    2
11110001
10
 241 16378 16383    5
11110010
101
 242 16383 16385    2
11110011
10
 243 16385 16402   17
11110100
10001
 244 16402 16404    2
11110101
10
